  Event.h
D:\sss\C++projects\GameEngine\GameEngine\src\Hazel\Events\Event.h(1,1): warning C4828: 文件包含在偏移 0x28b 处开始的字符，该字符在当前源字符集中无效(代码页 65001)。
D:\sss\C++projects\GameEngine\GameEngine\src\Hazel\Events\Event.h(1,1): warning C4828: 文件包含在偏移 0x28c 处开始的字符，该字符在当前源字符集中无效(代码页 65001)。
D:\sss\C++projects\GameEngine\GameEngine\src\Hazel\Events\Event.h(1,1): warning C4828: 文件包含在偏移 0x28d 处开始的字符，该字符在当前源字符集中无效(代码页 65001)。
D:\sss\C++projects\GameEngine\GameEngine\src\Hazel\Events\Event.h(1,1): warning C4828: 文件包含在偏移 0x28e 处开始的字符，该字符在当前源字符集中无效(代码页 65001)。
D:\sss\C++projects\GameEngine\GameEngine\src\Hazel\Events\Event.h(1,1): warning C4828: 文件包含在偏移 0x293 处开始的字符，该字符在当前源字符集中无效(代码页 65001)。
D:\sss\C++projects\GameEngine\GameEngine\src\Hazel\Events\Event.h(1,1): warning C4828: 文件包含在偏移 0x294 处开始的字符，该字符在当前源字符集中无效(代码页 65001)。
D:\sss\C++projects\GameEngine\GameEngine\src\Hazel\Events\Event.h(1,1): warning C4828: 文件包含在偏移 0x29e 处开始的字符，该字符在当前源字符集中无效(代码页 65001)。
D:\sss\C++projects\GameEngine\GameEngine\src\Hazel\Events\Event.h(1,1): warning C4828: 文件包含在偏移 0x29f 处开始的字符，该字符在当前源字符集中无效(代码页 65001)。
D:\sss\C++projects\GameEngine\GameEngine\src\Hazel\Events\Event.h(1,1): warning C4828: 文件包含在偏移 0x2a2 处开始的字符，该字符在当前源字符集中无效(代码页 65001)。
D:\sss\C++projects\GameEngine\GameEngine\src\Hazel\Events\Event.h(1,1): warning C4828: 文件包含在偏移 0x2a3 处开始的字符，该字符在当前源字符集中无效(代码页 65001)。
D:\sss\C++projects\GameEngine\GameEngine\src\Hazel\Events\Event.h(1,1): warning C4828: 文件包含在偏移 0x2a5 处开始的字符，该字符在当前源字符集中无效(代码页 65001)。
D:\sss\C++projects\GameEngine\GameEngine\src\Hazel\Events\Event.h(1,1): warning C4828: 文件包含在偏移 0x2a6 处开始的字符，该字符在当前源字符集中无效(代码页 65001)。
D:\sss\C++projects\GameEngine\GameEngine\src\Hazel\Events\Event.h(1,1): warning C4828: 文件包含在偏移 0x2a7 处开始的字符，该字符在当前源字符集中无效(代码页 65001)。
D:\sss\C++projects\GameEngine\GameEngine\src\Hazel\Events\Event.h(1,1): warning C4828: 文件包含在偏移 0x2a8 处开始的字符，该字符在当前源字符集中无效(代码页 65001)。
D:\sss\C++projects\GameEngine\GameEngine\src\Hazel\Events\Event.h(1,1): warning C4828: 文件包含在偏移 0x35b 处开始的字符，该字符在当前源字符集中无效(代码页 65001)。
D:\sss\C++projects\GameEngine\GameEngine\src\Hazel\Events\Event.h(1,1): warning C4828: 文件包含在偏移 0x35c 处开始的字符，该字符在当前源字符集中无效(代码页 65001)。
D:\sss\C++projects\GameEngine\GameEngine\src\Hazel\Events\Event.h(1,1): warning C4828: 文件包含在偏移 0x35d 处开始的字符，该字符在当前源字符集中无效(代码页 65001)。
D:\sss\C++projects\GameEngine\GameEngine\src\Hazel\Events\Event.h(1,1): warning C4828: 文件包含在偏移 0x35e 处开始的字符，该字符在当前源字符集中无效(代码页 65001)。
D:\sss\C++projects\GameEngine\GameEngine\src\Hazel\Events\Event.h(1,1): warning C4828: 文件包含在偏移 0x363 处开始的字符，该字符在当前源字符集中无效(代码页 65001)。
D:\sss\C++projects\GameEngine\GameEngine\src\Hazel\Events\Event.h(1,1): warning C4828: 文件包含在偏移 0x364 处开始的字符，该字符在当前源字符集中无效(代码页 65001)。
D:\sss\C++projects\GameEngine\GameEngine\src\Hazel\Events\Event.h(1,1): warning C4828: 文件包含在偏移 0x36b 处开始的字符，该字符在当前源字符集中无效(代码页 65001)。
D:\sss\C++projects\GameEngine\GameEngine\src\Hazel\Events\Event.h(1,1): warning C4828: 文件包含在偏移 0x36c 处开始的字符，该字符在当前源字符集中无效(代码页 65001)。
D:\sss\C++projects\GameEngine\GameEngine\src\Hazel\Events\Event.h(1,1): warning C4828: 文件包含在偏移 0x36f 处开始的字符，该字符在当前源字符集中无效(代码页 65001)。
D:\sss\C++projects\GameEngine\GameEngine\src\Hazel\Events\Event.h(1,1): warning C4828: 文件包含在偏移 0x370 处开始的字符，该字符在当前源字符集中无效(代码页 65001)。
D:\sss\C++projects\GameEngine\GameEngine\src\Hazel\Events\Event.h(1,1): warning C4828: 文件包含在偏移 0x372 处开始的字符，该字符在当前源字符集中无效(代码页 65001)。
D:\sss\C++projects\GameEngine\GameEngine\src\Hazel\Events\Event.h(1,1): warning C4828: 文件包含在偏移 0x373 处开始的字符，该字符在当前源字符集中无效(代码页 65001)。
D:\sss\C++projects\GameEngine\GameEngine\src\Hazel\Events\Event.h(1,1): warning C4828: 文件包含在偏移 0x374 处开始的字符，该字符在当前源字符集中无效(代码页 65001)。
D:\sss\C++projects\GameEngine\GameEngine\src\Hazel\Events\Event.h(1,1): warning C4828: 文件包含在偏移 0x375 处开始的字符，该字符在当前源字符集中无效(代码页 65001)。
D:\sss\C++projects\GameEngine\GameEngine\src\Hazel\Events\Event.h(1,1): warning C4828: 文件包含在偏移 0x482 处开始的字符，该字符在当前源字符集中无效(代码页 65001)。
D:\sss\C++projects\GameEngine\GameEngine\src\Hazel\Events\Event.h(1,1): warning C4828: 文件包含在偏移 0x483 处开始的字符，该字符在当前源字符集中无效(代码页 65001)。
D:\sss\C++projects\GameEngine\GameEngine\src\Hazel\Events\Event.h(1,1): warning C4828: 文件包含在偏移 0x48b 处开始的字符，该字符在当前源字符集中无效(代码页 65001)。
D:\sss\C++projects\GameEngine\GameEngine\src\Hazel\Events\Event.h(1,1): warning C4828: 文件包含在偏移 0x48c 处开始的字符，该字符在当前源字符集中无效(代码页 65001)。
D:\sss\C++projects\GameEngine\GameEngine\src\Hazel\Events\Event.h(1,1): warning C4828: 文件包含在偏移 0x48e 处开始的字符，该字符在当前源字符集中无效(代码页 65001)。
D:\sss\C++projects\GameEngine\GameEngine\src\Hazel\Events\Event.h(1,1): warning C4828: 文件包含在偏移 0x491 处开始的字符，该字符在当前源字符集中无效(代码页 65001)。
D:\sss\C++projects\GameEngine\GameEngine\src\Hazel\Events\Event.h(1,1): warning C4828: 文件包含在偏移 0x492 处开始的字符，该字符在当前源字符集中无效(代码页 65001)。
D:\sss\C++projects\GameEngine\GameEngine\src\Hazel\Events\Event.h(1,1): warning C4828: 文件包含在偏移 0x493 处开始的字符，该字符在当前源字符集中无效(代码页 65001)。
D:\sss\C++projects\GameEngine\GameEngine\src\Hazel\Events\Event.h(1,1): warning C4828: 文件包含在偏移 0x49e 处开始的字符，该字符在当前源字符集中无效(代码页 65001)。
D:\sss\C++projects\GameEngine\GameEngine\src\Hazel\Events\Event.h(1,1): warning C4828: 文件包含在偏移 0x49f 处开始的字符，该字符在当前源字符集中无效(代码页 65001)。
D:\sss\C++projects\GameEngine\GameEngine\src\Hazel\Events\Event.h(1,1): warning C4828: 文件包含在偏移 0x4a0 处开始的字符，该字符在当前源字符集中无效(代码页 65001)。
D:\sss\C++projects\GameEngine\GameEngine\src\Hazel\Events\Event.h(1,1): warning C4828: 文件包含在偏移 0x4a6 处开始的字符，该字符在当前源字符集中无效(代码页 65001)。
D:\sss\C++projects\GameEngine\GameEngine\src\Hazel\Events\Event.h(1,1): warning C4828: 文件包含在偏移 0x4a7 处开始的字符，该字符在当前源字符集中无效(代码页 65001)。
D:\sss\C++projects\GameEngine\GameEngine\src\Hazel\Events\Event.h(1,1): warning C4828: 文件包含在偏移 0x4a8 处开始的字符，该字符在当前源字符集中无效(代码页 65001)。
D:\sss\C++projects\GameEngine\GameEngine\src\Hazel\Events\Event.h(1,1): warning C4828: 文件包含在偏移 0x4a9 处开始的字符，该字符在当前源字符集中无效(代码页 65001)。
D:\sss\C++projects\GameEngine\GameEngine\src\Hazel\Events\Event.h(1,1): warning C4828: 文件包含在偏移 0x4aa 处开始的字符，该字符在当前源字符集中无效(代码页 65001)。
D:\sss\C++projects\GameEngine\GameEngine\src\Hazel\Events\Event.h(1,1): warning C4828: 文件包含在偏移 0x4ab 处开始的字符，该字符在当前源字符集中无效(代码页 65001)。
D:\sss\C++projects\GameEngine\GameEngine\src\Hazel\Events\Event.h(1,1): warning C4828: 文件包含在偏移 0x4ae 处开始的字符，该字符在当前源字符集中无效(代码页 65001)。
D:\sss\C++projects\GameEngine\GameEngine\src\Hazel\Events\Event.h(1,1): warning C4828: 文件包含在偏移 0x4b0 处开始的字符，该字符在当前源字符集中无效(代码页 65001)。
D:\sss\C++projects\GameEngine\GameEngine\src\Hazel\Events\Event.h(1,1): warning C4828: 文件包含在偏移 0x4b2 处开始的字符，该字符在当前源字符集中无效(代码页 65001)。
D:\sss\C++projects\GameEngine\GameEngine\src\Hazel\Events\Event.h(1,1): warning C4828: 文件包含在偏移 0x4b4 处开始的字符，该字符在当前源字符集中无效(代码页 65001)。
D:\sss\C++projects\GameEngine\GameEngine\src\Hazel\Events\Event.h(1,1): warning C4828: 文件包含在偏移 0x4b5 处开始的字符，该字符在当前源字符集中无效(代码页 65001)。
D:\sss\C++projects\GameEngine\GameEngine\src\Hazel\Events\Event.h(1,1): warning C4828: 文件包含在偏移 0x4bb 处开始的字符，该字符在当前源字符集中无效(代码页 65001)。
D:\sss\C++projects\GameEngine\GameEngine\src\Hazel\Events\Event.h(1,1): warning C4828: 文件包含在偏移 0x4bf 处开始的字符，该字符在当前源字符集中无效(代码页 65001)。
D:\sss\C++projects\GameEngine\GameEngine\src\Hazel\Events\Event.h(1,1): warning C4828: 文件包含在偏移 0x4c1 处开始的字符，该字符在当前源字符集中无效(代码页 65001)。
D:\sss\C++projects\GameEngine\GameEngine\src\Hazel\Events\Event.h(1,1): warning C4828: 文件包含在偏移 0x4c2 处开始的字符，该字符在当前源字符集中无效(代码页 65001)。
D:\sss\C++projects\GameEngine\GameEngine\src\Hazel\Events\Event.h(1,1): warning C4828: 文件包含在偏移 0x4c8 处开始的字符，该字符在当前源字符集中无效(代码页 65001)。
D:\sss\C++projects\GameEngine\GameEngine\src\Hazel\Events\Event.h(1,1): warning C4828: 文件包含在偏移 0x4c9 处开始的字符，该字符在当前源字符集中无效(代码页 65001)。
  Log.cpp
D:\sss\C++projects\GameEngine\GameEngine\src\Hazel\Log.h(11,42): warning C4251: “Hazel::Log::s_CoreLogger”: class“std::shared_ptr<spdlog::logger>”需要有 dll 接口由 class“Hazel::Log”的客户端使用
D:\sss\C++projects\GameEngine\vendor\spdlog\include\spdlog\details\registry.h(33,31): message : 参见“std::shared_ptr<spdlog::logger>”的声明
D:\sss\C++projects\GameEngine\GameEngine\src\Hazel\Log.h(12,42): warning C4251: “Hazel::Log::s_ClientLogger”: class“std::shared_ptr<spdlog::logger>”需要有 dll 接口由 class“Hazel::Log”的客户端使用
D:\sss\C++projects\GameEngine\vendor\spdlog\include\spdlog\details\registry.h(33,31): message : 参见“std::shared_ptr<spdlog::logger>”的声明
  正在生成代码...
    正在创建库 ..\bin\Debug-windows-x86_64\GameEngine\GameEngine.lib 和对象 ..\bin\Debug-windows-x86_64\GameEngine\GameEngine.exp
  GameEngine.vcxproj -> D:\sss\C++projects\GameEngine\bin\Debug-windows-x86_64\GameEngine\GameEngine.dll
